<?xml version='1.0' encoding='UTF-8' ?>
<testsuite name="com.example.lab1.ExampleInstrumentedTest" tests="1" failures="0" errors="0" skipped="0" time="0.586" timestamp="2023-03-25T05:41:36" hostname="localhost">
  <properties>
    <property name="device" value="Pixel_3_API_30(AVD) - 11" />
    <property name="flavor" value="" />
    <property name="project" value=":app" />
  </properties>
  <testcase name="useAppContext" classname="com.example.lab1.ExampleInstrumentedTest" time="0.023" />
</testsuite>